<?xml version="1.0" encoding="UTF-8"?>
<testng-results ignored="0" total="1" passed="1" failed="0" skipped="0">
  <reporter-output>
  </reporter-output>
  <suite started-at="2025-11-12T19:48:10 IST" name="Default suite" finished-at="2025-11-12T19:48:20 IST" duration-ms="10182">
    <groups>
    </groups>
    <test started-at="2025-11-12T19:48:10 IST" name="Default test" finished-at="2025-11-12T19:48:20 IST" duration-ms="10182">
      <class name="com.Test.PIMPageTest">
        <test-method is-config="true" signature="setUp()[pri:0, instance:com.Test.PIMPageTest@3646a422]" started-at="2025-11-12T19:48:10 IST" name="setUp" finished-at="2025-11-12T19:48:19 IST" duration-ms="8816" status="PASS">
          <reporter-output>
          </reporter-output>
        </test-method> <!-- setUp -->
        <test-method signature="verifyAddEmployee()[pri:0, instance:com.Test.PIMPageTest@3646a422]" started-at="2025-11-12T19:48:19 IST" name="verifyAddEmployee" finished-at="2025-11-12T19:48:20 IST" duration-ms="1011" status="PASS">
          <reporter-output>
          </reporter-output>
        </test-method> <!-- verifyAddEmployee -->
        <test-method is-config="true" signature="tearDown()[pri:0, instance:com.Test.PIMPageTest@3646a422]" started-at="2025-11-12T19:48:20 IST" name="tearDown" finished-at="2025-11-12T19:48:20 IST" duration-ms="293" status="PASS">
          <reporter-output>
          </reporter-output>
        </test-method> <!-- tearDown -->
      </class> <!-- com.Test.PIMPageTest -->
    </test> <!-- Default test -->
  </suite> <!-- Default suite -->
</testng-results>
