<?xml version="1.0" encoding="UTF-8"?>
<!-- Generated by org.testng.reporters.JUnitReportReporter -->
<testsuite hostname="DESKTOP-ONUQ8PL" failures="0" tests="3" name="com.Test.DashBoardPageTest" time="21.895" errors="0" timestamp="2025-11-12T19:21:05 IST" skipped="0">
  <testcase classname="com.Test.DashBoardPageTest" name="verifyDashBoardDisplayed" time="8.220"/>
  <testcase classname="com.Test.DashBoardPageTest" name="verifyPIMManuDisplayed" time="6.838"/>
  <testcase classname="com.Test.DashBoardPageTest" name="verifyAdminManuDisplayed" time="6.837"/>
</testsuite> <!-- com.Test.DashBoardPageTest -->
